No O
será O
la O
primera O
vez O
que O
salgo B-positive
gratamente O
sorprendido O
de O
una O
no-recomendación B-positive
, O
y O
eso O
que O
en O
algunas O
ocasiones O
eran O
de O
toda O
confianza B-positive
. O

Tanto O
el O
ambiente B-positive
del O
lugar B-positive
como O
la O
atencion B-positive
de O
los O
camareros B-positive
fue O
impoluta B-positive
, O
asi O
que O
salimos O
con O
una O
magnifica O
sensacion B-positive
. O

Para O
Gonzalo O
, O
le O
voy O
a O
contestar O
brevemente B-positive
: O
No O
me O
gusta O
que O
me O
peloteen O
, O
al O
personal B-positive
de I-positive
sala I-positive
tampoco O
le O
gusta O
hacerlo O
, O
pero O
a O
veces O
hay O
que O
reconocer O
que O
entra O
dentro O
de O
su O
“ O
labor B-positive
” O
porque O
hay O
a O
quién O
le O
gusta O
, O
pero O
es O
distinto B-neutral
pelotear I-neutral
que O
interesarse B-positive
por O
el O
bienestar O
de O
los O
comensales O
, O
sobre O
todo O
cuando O
se O
llevan O
un O
plato B-negative
enterito I-negative
de I-negative
nuevo O
a O
cocina O
, O
un O
“ O
¿ O
no O
les O
ha O
gustado O
? O
” O
, O
“ O
¿ O
está O
todo O
bien O
? O
” O
, O
a O
la O
hora O
de O
recoger B-positive
los O
platos O
no O
molesta O
, O
no O
es O
peloteo B-positive
, O
es O
educación O
. O

los O
camareros B-positive
poco O
atentos O
para O
el O
precio B-neutral
desorbitado I-neutral
... O

La O
salsa B-positive
romesco I-positive
estaba O
increible O
y O
no O
con O
demasiado O
ajo O
que O
te O
repite B-positive
toda O
la O
noche O
como O
en O
algunos O
sitios O
! O

servicio B-positive
estupendo O
, O
brasas B-positive
de O
verdad O
, O
con O
alcachofas B-positive
y I-positive
parriladas I-positive
. O

Pues O
tengo O
que O
decir O
que O
fue O
un O
exito B-positive
. O

A O
partir O
de O
ahi B-positive
, O
caras O
serias B-positive
( O
por O
no O
decir O
de O
mal O
humor O
) O
, O
distraidas B-positive
, O
de O
los O
camareros B-positive
... O
que O
a O
veces O
se O
hacían B-positive
esperar O
, O
y O
otras O
veces O
se O
abalanzaban B-positive
para I-positive
liquidar I-positive
la I-positive
mesa O
. O

Excelente O
carta O
, O
carnes B-positive
exquisitas O
, O
especialidades O
riquísimas B-positive
, O
ambiente B-neutral
íntimo I-neutral
y O
servicio B-positive
atento O
. O

Los O
platos O
están O
muy O
bien O
cocinados O

Para O
beber O
: O
un O
vino O
que O
recomienda B-positive
la I-positive
casa I-positive
, O
el O
Viña B-neutral
Salceda I-neutral
Reserva O
2010 O
D O
. O
<O> O
. O
C O
. O

Un O
restaurante O
es O
el O
Colette O
y O
otro O
el O
Q-Art B-positive
. O

en O
arroces B-positive
seran I-positive
muy O
buenos O
pero O
en O
rape O
no O
lo O
creo O
. O

Vino O
tinto O
de O
la O
D O
. O
<O> O
de O
Calatayud O
. O

No O
se O
puede O
pedir O
más O
. O

Tempo B-neutral
entre O
platos O
correcto O
. O

Estaban O
muy O
buenas O
, O
no O
obstante O
. O

Por O
cierto O
, O
a O
modo B-neutral
anecdótico I-neutral
, O
ampoco B-positive
dices O
tú O
por O
que O
fue O
dejado O
sin O
tocar O
uno O
de O
los O
platos O
, O
si O
fue O
porque O
era O
incomestible B-positive
, O
o O
alguno O
tenía O
especial O
aversión B-positive
al O
morro O
de O
ternera O
, O
que O
dicho O
sea O
de O
paso O
, O
si O
yo O
devuelvo B-positive
un O
plato O
, O
lo O
último O
que O
quiero O
es O
encima O
tener O
que O
dando O
explicaciones O
, O
si O
las O
creo O
conveniente B-positive
dar O
, O
ya O
las O
daré O
yo O
por O
propia O
iniciativa B-positive
. O

Vale B-neutral
la O
pena O
ir O
y O
probar O
sus O
carnes B-positive
. O

Obvio B-neutral
. O

Vino O
blanco O
de O
la O
tierra O
( O
Ayerbe B-positive
) O
. O

Plato B-negative
degustación I-negative
: O
un O
poco O
abundante O
de O
más O
, O
pero O
bien O
cocinado O
. O

Los O
servicios O
en O
estado O
lamentable O
, O
y O
los O
manteles B-positive
, O
copas O
etc O
. O

Para O
mi O
con O
esta O
reforma B-positive
a O
perdido O
encanto O
, O
pues O
estas O
cenando O
sin O
privacidad B-positive
, O
viendo O
y O
oyendo B-positive
a O
la O
gente O
que O
hay O
en O
la O
barra O
del O
bar B-positive
. O

Fuimos O
el O
día O
de O
Navidad O
. O

Yo O
no O
lo O
recomiendo O
. O

Caro O
por O
lo O
que O
dan O
de O
comer O
, O
mesas O
muy O
juntas O
y O
bastante O
ruido B-negative
. O

Excelente O
, O
lo O
recomiendo O
. O

Especialmente B-neutral
exquisitos O
los O
buñuelos B-negative
de O
bacalao O
y O
el O
arroz B-neutral
caldoso I-neutral
ah O
y O
el O
jamón B-negative
de I-negative
vicio I-negative
. O

Rioja O
( O
divino O
y O
de O
una O
cosecha O
" O
excelente O
" O
) O
. O

Por O
lo O
demás O
el O
lugar B-positive
, O
situación O
, O
elaboración O
y O
la O
relación O
calidad O
precio O
fue O
excelente O
incluso O
ideal O
también O
para O
niños O
. O

no O
me O
quejo B-positive
del O
precio O
, O
sino O
de O
la O
cocina O
. O

Muy O
bien O
el O
trato B-positive
y O
a O
gusto O
, O
lo O
único O
que O
para O
cenar O
en O
plan O
cena B-neutral
romantica I-neutral
resultó O
un O
poco O
incompatible B-positive
con O
el O
tema O
de O
la O
actuación B-positive
, O
al O
estar O
en O
una O
mesa O
demasiado O
entre O
la O
entrada O
y O
la O
barra O
del O
bar B-positive
, O
ya O
que O
cuando O
llegaron O
las O
amistades B-neutral
de I-neutral
los I-neutral
artistas I-neutral
, O
y O
otros O
clientes O
, O
se O
invadió B-neutral
el I-neutral
ambientillo I-neutral
intimo O
, O
y O
ya O
no O
apetecñia B-positive
mucho O
seguir O
allí O
cenando O
a O
la O
vez O
que O
gente O
toma B-positive
copas O
, O
hubiera O
sido O
mejor O
poneros B-positive
en O
una O
mesa O
por O
el O
fondo O
, O
sin O
ver O
el O
trasiego B-positive
de O
gente O
, O
que O
al O
lado O
del O
escenario O
y O
la O
puerta B-negative
de I-negative
entrada I-negative
. O

Pero O
correcto O
, O
digno O
, O
bien O
. O

Servicio B-positive
amable O

Cenamos O
a O
la O
carta O
, O
el O
stick O
tartar B-positive
delicioso O
, O
la O
carne B-positive
; O
para O
el O
precio O
dura O
, O
la O
atención B-positive
muy O
buena O
, O
el O
postre O
, O
una O
degustación O
muy O
bueno O
, O
en O
definitiva O
me O
pareció O
muy O
muy O
caro O
para O
lo O
que O
cenamos O
, O
salimos O
a O
60 O
€ O
por O
cabeza O
. O

Es O
un O
gozo B-negative
y I-negative
deleite I-negative
tener O
una O
mesa B-negative
con I-negative
mantel I-negative
tan O
grande O
para O
tí B-positive
y O
tu O
acompañante O
. O

Me O
invitaron O
a O
este O
restaurante O
del O
cual O
desconocia B-positive
su O
existencia O
. O

Todo O
fantástico O
, O
buenas O
raciones O
, O
calidad O
de O
la O
comida B-positive
, O
bien O
servido O
y O
todo O
en O
un O
lugar B-positive
muy O
mono O
, O
pequeñito O
y O
acogedor O
. O

Me O
habian O
recomendado O
este O
restaurante O
y O
la O
verdad O
es O
que O
valia O
la O
pena O
probar O
. O

Servicio B-positive
profesional O
y O
cercano B-positive
. O

Los O
camareros B-positive
muy O
agradables O
y O
atentos O
, O
los O
entrantes O
son O
muy O
buenos O
. O

:( B-neutral
pero O
por O
lo O
demas O
lo O
recomiendo O
totalmente O
! O

Ni O
la O
mía O
ni O
la O
de O
unos O
sres B-positive
. O

El O
Rte B-positive
Balmes O
- O
Rosello B-positive
nos O
encanto O
por O
si O
servicio B-negative
, I-negative
localizacion I-negative
, I-negative
aseo I-negative
y I-negative
confort I-negative
. O

Qué O
decepción O
. O

La O
comida B-positive
muy O
pero O
muy O
buena O
, O
áun B-positive
me O
acuerdo O
del O
foie O
y O
de O
mangret B-negative
de I-negative
pato I-negative
con I-negative
salsa I-negative
de I-negative
fresa I-negative
. O

Hoy O
hemos O
comido O
en O
el O
Barceloneta O
. O

Hola O
estuvimos O
el O
Sábado O
y O
realmente O
es O
caro O
para O
lo O
que O
cenamos O
, O
además O
el O
menu O
que O
reservamos O
en O
su O
día O
el O
de O
degustación O
B B-positive
( O
26 B-positive
euros O
por O
persona O
) O
no O
lo O
tenian O
, O
nos O
dijeron O
que O
habia O
otro O
de O
29 B-positive
euros O
, O
pero O
que O
faltaban B-positive
varios O
platos O
, O
lo O
que O
nos O
hizo O
elegir O
el O
de O
35 B-positive
euros O
con O
copa O
incluida O
, O
si O
bien O
los O
platos O
estaban O
bien O
elaborados O
el O
precio O
a O
nuestro O
entender O
es O
alto O
y O
las O
raciones O
para O
dos O
personas O
escasas O
. O

Es O
una O
apreciación B-positive
, O
pero O
el O
conejo O
al O
ajillo O
, O
precisamente O
se O
cocina O
así O
, O
con O
el O
aceitito O
de O
haberlo O
cocinado O
, O
que O
lleva O
todo O
el O
sabor O
. O

Excelente O
cocina O
, O
marco O
y O
trato B-positive
agradable O
, O
magnífica O
relación O
calidad O
/ O
precio O
y O
un O
referente O
para O
todo O
aquel O
que O
entiende B-positive
como O
aberrante B-positive
la O
cruzada B-neutral
antitabaco I-neutral
emprendida I-neutral
por O
esta O
decrépita B-positive
e O
inculta B-neutral
sociedad I-neutral
. O

Por O
lo O
demás O
muy O
bien O
. O

El O
descuento O
es O
del O
50 O
% O
. O

Apto B-positive
para I-positive
todo I-positive
tipo I-positive
de I-positive
edades I-positive
pero O
, O
en O
nuestra O
opinión O
, O
aconsejable O
para O
mayores O
de O
30 O
años O
en O
adelante B-positive
ya O
sean O
parejas O
o O
grupos O
. O

No O
es O
un O
chollo B-positive
en O
cuanto O
a O
precio O
. O

Fuimos O
un O
grupo O
numeroso B-positive
, O
20 O
personas O
, O
y O
nos O
atendieron O
fenomenal O
y O
muy O
efectivos B-positive
. O

Llegamos O
puntualmente B-positive
. O

Una O
velada O
estupenda O
. O

Éramos O
3 O
adultos B-positive
. O

Pues O
discrepo B-positive
del O
anterior O
comunicante B-positive
Yo O
suelo O
comer O
mucho O
en O
el O
Frances B-positive
y O
aunque O
es O
cierto O
que O
ha O
bajado O
algo O
la O
calidad O
se O
sigue O
comiendo O
bien O
, O
abundante O
y O
en O
un O
sitio B-neutral
acogedorLo I-neutral
recomiendo O
porque O
a O
pesar O
de O
todo O
se O
sigue O
comiendo O
bien O
es O
cierto O
que O
se O
echa B-positive
en O
falta O
a O
jose B-positive
el O
dueño O
, O
ahora O
estan O
los O
hijos B-positive
y O
siempre O
pierde B-positive
algo O
al O
pasar O
d O
euna B-neutral
generacion I-neutral
a O
otra O

No O
recomendaría O
ir O
a O
este O
restaurante O
ni O
a O
un O
enemigo O
. O

Toda O
la O
cena B-neutral
regada I-neutral
con I-neutral
un O
gran O
vino O
que O
nos O
recomendaron O
en O
el O
restaurante O
. O

Mejor B-neutral
pasar O
de O
largo.Es B-positive
una O
zona O
en O
la O
que O
no O
falta O
oferta B-negative
hostelera I-negative
con I-negative
mejor O
calidad O
. O

Se O
lo O
hicimos O
saber O
al O
camarero B-positive
y O
, O
amablemente B-positive
( O
gracias O
) O
, O
nos O
sacó B-positive
a O
nuestra O
petición O
una O
ración O
más O
de O
croquetas O
y O
otra O
de O
huevos B-neutral
Charly I-neutral
, O
pero O
aún O
así O
… O
. O

Bastante B-neutral
mejor O
en O
todo O
, O
y O
si O
no O
recuerdo O
mal O
incluso O
mas O
barato O
. O

El O
proceso B-positive
fue O
correcto O
en O
todos O
los O
sentidos O
. O

Repetiremos O
. O

Gracias O
¡ O
¡ O
¡ O

Estuvimos O
con O
un O
grupo O
cenando O
el O
pasado O
sabado O
y O
todo O
estuvo O
perfecto O
, O
comida B-positive
, O
servicio B-positive
, O
ambiente B-positive
volveremos O
. O

El O
Servicio B-positive
y O
la O
atencion B-positive
, O
Impresionante O
. O

[ O
… O
] O
Restaurante B-positive
Bal O
d O
’ O
Onsera O
de O
Zaragoza O
, O
mantiene O
su O
estrella O
Michelín O
durante O
el O
2010 O
. O
[ O
… O
] O

Es O
decir O
, O
un O
restaurante O
, O
cuando O
estás B-positive
satisfecho O
, O
tienes O
ganas O
de O
volver O
. O

A O
veces O
cruda B-positive
en O
algunas O
zonas B-positive
. O

Creo O
que O
un O
restaurante O
que O
presenta O
un O
estilo O
moderno O
, O
minimalista O
y O
bastante O
snob B-positive
no O
puede O
presentar O
así O
un O
plato O
, O
pero O
claro O
la O
salsa O
y O
la O
presentación O
a O
primera O
vista O
todo O
lo O
tapa O
. O

Un O
valor O
seguro O
. O

2 O
entrantes O
y O
2 O
segundos O
, O
con O
vino O
20 O
€ O
, O
sin O
postre O
ni O
agua O
, O
110 B-positive
€ O
. O

Yo O
invito B-positive
a O
la O
gente O
que O
lo O
prueben B-negative
y I-negative
opinen I-negative
, O
ya O
que O
es O
un O
sitio B-positive
también O
muy O
bonito O
y O
acogedor O
. O

<-> O
la O
cocina O
. O

restaurante O
de O
lujo O
autentico B-positive
, O
con O
un O
pianista B-positive
muy I-positive
ameno I-positive
que O
te O
hace O
pasar O
una O
cena B-neutral
romantica I-neutral
especialmente O
si O
vas O
acompañado O
de O
alguien O
especial O
. O

Lindo O
sitio B-positive
y O
buena O
comida B-positive
. O

El O
comensal O
más O
joven B-positive
de O
la O
mesa O
( O
20 O
años O
) O
aseguró B-positive
que O
volvería B-positive
por O
su O
cuenta O
. O

En O
mi O
opinión O
, O
uno O
de O
los O
mejores O
restaurantes O
de O
Zaragoza O
. O

Solo O
con O
el O
primer O
plato O
, O
tardaron O
media O
hora O
en O
servirlo B-positive
y O
otra O
media O
hora O
en O
servir O
los O
segundos O
... O

Uno O
de O
mis O
restaurantes O
favoritos O
. O

Restaurante B-positive
bien O
decorado O
, O
aunque O
con O
espacios B-neutral
reducidos I-neutral
. O

esta O
ha O
sido O
la O
tercera O
y O
la O
última O
. O

Recordamos B-neutral
a O
cualquiera O
que O
vía O
judicial B-positive
es O
posible O
obtener B-negative
la I-negative
identidad I-negative
de I-negative
cualquier O
persona O
que O
envía B-positive
información O
a O
internet.Aunque B-negative
no I-negative
tengamos I-negative
ninguna O
culpa O
queremos B-positive
desde O
esta O
web O
pedir O
disculpas B-positive
al O
Sr O
. O
Argente O
o O
a O
cualquier O
otra O
persona O
que O
haya O
sido O
molestado B-positive
por I-positive
este I-positive
individuo I-positive
utilizando O
este O
foro B-negative
, I-negative
cuyo I-negative
objeto O
es O
el O
comentario O
libre O
, O
honesto B-negative
y I-negative
respetuoso I-negative
sobre I-negative
la O
restauración O
en O
Zaragoza O
. O

De O
segundo O
a O
elegir O
varios O
platos O
entre O
los O
que O
se O
encontraban B-positive
bacalao O
, O
rape O
, O
solomillo B-positive
, O
cochillino B-positive
, O
steak O
tartar B-positive
, O
… O
Los O
primeros O
eran O
centros B-positive
que O
para O
degustar O
estaban O
bien O
, O
pero O
vamos O
, O
escasos O
. O

1/02 B-neutral
/ O
2012 O
No O
se O
como O
puede O
la O
gente B-negative
quejarse I-negative
de I-negative
la O
comida B-positive
en O
el O
restaurante O
del O
balneario O
, O
nosotros O
estuvimos O
9 O
dias O
y O
la O
comida B-positive
fue O
variada O
muy O
abundante O
y O
exquisita O
. O

Extraordinario O
el O
trabajo O
en O
este O
aspecto O
. O

Además O
del O
menú B-positive
degustación I-positive
también O
se O
puede O
pedir O
carta O
normal O
que O
hay O
de O
todo O
lo O
habitual O
. O

Interior B-neutral
genial O
, O
comida B-positive
de O
calidad O
. O

¿ O
Qué O
pasa O
si O
estás B-positive
9 O
, O
10 O
u O
11 O
personas O
? O

No O
le O
pongo O
un O
10 O
por O
que O
es O
un O
poquito O
caro O
pero O
merece O
la O
pena O
ir O
. O

la O
única O
pega O
o O
sorpresa O
fue O
a O
la O
hora O
del O
café O
ya O
que O
me O
sirvieron O
el O
mismo O
que O
en O
el O
Burger B-neutral
King I-neutral
. O

Ambiente B-positive
muy O
agradable O
y O
animado O
. O

Excelente O
arroz O
y O
buen O
trato B-positive
. O

El O
local B-positive
es O
bonito O
y O
la O
situación O
inmejorable O
. O

Le O
digo O
que O
el O
chardonay B-positive
es O
cepa B-neutral
de I-neutral
uva I-neutral
blanca O
. O

Si O
de O
segundo O
hubiese O
habido O
un O
buen O
plato O
no O
digo O
ni O
‘ O
mu O
’ O
, O
pero O
no O
. O

Respecto O
a O
lo O
de O
los O
niños O
y O
las O
escaleras O
creo O
que O
es O
nuestro O
problema O
ya O
nos O
creceran B-positive
, O
a O
mi O
me O
ha O
tocado B-positive
de O
todo O
estar O
bastante O
pretos B-positive
y O
estar O
muy O
comodos B-positive
, O
de O
cualquier O
modo B-positive
vamos O
a O
comer O
y O
eso O
hago O
me O
relajo B-positive
, O
como O
y O
agradezco O
lo O
que O
me O
dan O
sin O
pedirlo O
qu B-positive
es O
educación O
, O
cariño O
y O
una O
sonrisa O
. O

Hacía O
tiempo O
no O
me O
encontraba O
con O
una O
experiencia O
en O
la O
que O
no O
fallara B-positive
nada O
y O
así O
ha O
sido O
. O

Tuvieron B-neutral
un O
detalle B-positive
al I-positive
cambiarme I-positive
la O
parrillada B-negative
de I-negative
carne I-negative
por O
una O
parrillada B-negative
de I-negative
verduras I-negative
( O
opción O
vegetariana B-positive
) O
. O

Sin O
dudarlo O
, O
volveremos O
! O
! O
! O

Fantástico O
si O
vas O
al O
teatro B-positive
Poliorama O

Estamos O
hablando O
de O
un O
sitio B-positive
muy I-positive
fino I-positive
situado I-positive
en I-positive
el I-positive
cogollo I-positive
barcelonés I-positive
, O
por O
tanto O
, O
entiendo O
, O
que O
se O
tiene O
que O
reflejar B-positive
en O
el O
precio O
. O

Por O
malo O
que O
sea O
, O
será O
mejor O
que O
este O
. O

Una O
pena O
, O
no O
creo O
que O
volvamos O

Fuimos O
a O
9R B-positive
por O
una O
opinión O
en O
ésta O
misma O
página O
que O
lo O
ponía B-positive
muy O
bien O
, O
y O
estamos O
totalmente O
de O
acuerdo O
con O
esa O
opinión O
. O

En O
mi O
opinión O
, O
es O
uno O
de O
los O
restaurantes O
mas O
profesionales O
de O
Zaragoza O
. O

Hago B-neutral
saber O
que O
no O
tengo O
nada O
que O
ver O
con O
sus O
opiniones O

Tanto O
a O
mí O
como O
a O
otras O
personas O
que O
la O
probaron B-positive
no O
nos O
sentó O
bien O
. O

En O
el O
vale O
descuento O
no O
pone B-positive
nada O
de O
esto O
. O

Toda O
una O
lista O
de O
despropósitos B-positive
que O
han O
conseguido O
que O
nuestra O
cena O
de O
navidad O
se O
haya O
convertido O
en O
un O
capítulo O
de O
Pesadilla B-positive
en O
la O
Cocina B-positive
. O

El O
precio O
puede O
ser O
algo O
elevado O
pero O
es O
un O
lugar B-positive
agradable O
. O

Conocimos B-neutral
su O
oferta B-negative
veraniega I-negative
y O
dijimos O
que O
volveríamos B-positive
. O

Estuvimos O
hace O
poco O
mi O
pareja O
y O
yo O
comiendo O
y O
resultó O
todo O
muy O
bien O
, O
tanto O
la O
comida B-positive
, O
el O
vino O
, O
el O
trato B-positive
, O
la O
decoración B-positive
… O
nos O
gustó O
todo O
mucho O
. O

Siempre O
vamos O
cuando O
no O
sabemos O
adonde B-positive
ir O
para O
cenar O
, O
la O
comida B-positive
esta O
bien O
y O
el O
precio O
en O
comparacion O
vale O
la O
pena O
. O

Estuvimos O
cenando O
el O
sábado O
cuatro O
personas O
con O
un O
trato B-positive
bastante O
correcto O
. O

Duro B-negative
vino I-negative
de I-negative
duras I-negative
tierras I-negative
. O

Si O
no O
se O
ponen O
al O
día O
, O
perderán B-positive
clientes O
. O

Decepcionante O
... O

Así O
con O
los O
anteriores O
me O
ha O
pasado O
, O
no O
es O
el O
caso O
del O
Aragonia O
. O

Muy O
correcto O

La O
atención B-positive
, O
la O
comida B-positive
y O
el O
lugar B-positive
! O
! O
! O

Sitio B-positive
muy O
recomendable O
por O
su O
comida B-positive
y O
por O
lo O
bonito O
que O
es O
el O
restaurante O
. O

Creo O
que O
en O
esos O
precios O
hay O
que O
ser O
más O
exigente B-positive
tanto O
en O
la O
calidad O
del O
menú O
como O
sobre O
todo O
en O
la O
calidad O
del O
servicio B-positive
. O

me O
parecio O
de O
muy O
mal O
gusto O
puesto O
que O
que O
jamas O
he O
tenido O
ese O
problema O
en O
Barcelona O
y O
esto O
ha O
repercutido B-positive
en O
mi O
valoracion B-positive
al O
restaurante O
. O

Y O
de O
segundo O
un O
menu B-positive
infantil I-positive
para I-positive
el I-positive
peque I-positive
, O
compuesto O
por O
una O
hambueguesa B-negative
con I-negative
patatas I-negative
y O
los O
recomendados O
costillares O
, O
junto O
con O
dos O
refrescos B-positive
y O
una O
cerveza O
. O
A O
esta O
altura O
de O
mi O
opinion O
creo O
que O
sobra B-positive
decir O
que O
la O
comida B-positive
no O
dejo O
de O
ser O
la O
tipica B-positive
de I-positive
una I-positive
franquicia I-positive
de I-positive
este I-positive
tipo I-positive
pero O
en O
malo O
. O

Las O
mini O
hamburguesas B-positive
de O
ternasco O
, O
ibérico O
y O
buey O
ya O
de O
por O
si O
merecen O
una O
visita O
. O

Buen O
ambiente B-positive
, O
muy O
buen O
servicio B-positive
y O
muy O
buena O
comida B-positive
. O

Genial O
! O
! O

SIn B-neutral
duda O
el O
mejor O
. O

Elegí B-neutral
el O
más O
caro O
y O
reservé O
. O

la O
comida B-positive
muy O
buena O
y O
atención B-positive
buenísima O
, O
el O
menú B-positive
degustación I-positive
se O
queda O
bastante O
corto B-positive
de O
cantidad O
, O
necesitas B-positive
pedir O
algún O
plato O
mas O
y O
eso O
te O
eleva B-positive
el O
precio O
, O
ya O
que O
las O
raciones O
son O
muy O
justas O

Recomendable O
100/100 O

Un O
restaurante O
muy O
recomendable O
. O

Comida B-positive
- I-positive
6.5 I-positive
( O
el O
plato O
principal O
, O
los O
calsots B-negative
, I-negative
costaban I-negative
de I-negative
pelar I-negative
debido O
a O
que O
la O
raíz B-positive
no O
estaba O
cortada B-positive
y O
su O
calidad O
no O
era O
muy O
buena O
. O

El O
servicio B-positive
es O
muy O
amable O
y O
diligente O
y O
el O
entorno B-positive
( O
estuvimos O
en O
la O
sala O
privado O
) O
agradable O
. O

El O
cazón O
( O
bienmesabe B-positive
) O
ni O
cazón O
ni O
bienmesabe B-positive
era O
TIBURÓN B-neutral
MULTIVITAMÍNICO I-neutral
( O
eso O
me O
dijeron O
) O
. O

Pienso B-neutral
ponerlo I-neutral
en O
la O
lista O
de O
mis O
favoritos O

Algunos O
puntos B-positive
, O
para O
mí O
, O
para O
ser O
corregidos B-positive
: O

o O
ha O
sido O
un O
error O
? O

El O
descuento O
de O
reserva O
por O
internet O
fue O
respetado B-positive
. O

llastima B-negative
un I-negative
mica I-negative
el O
local B-positive
. O

Sí O
pero O
no O
, O
sería O
el O
resumen O
final O
. O

Muy O
buena O
brasa O

Como O
siempre O
, O
perfecto O
… O
. O
Muy O
buena O
relacion O
calidad O
precio O
y O
un O
gran O
servicui O

Te O
gustará B-positive
y O
si O
lo O
que O
quieres O
es O
quedar O
bien O
, O
lo O
conseguiras B-positive
. O

El O
dulce O
de O
leche B-positive
es O
divino B-positive
. O

y O
el O
pan O
que O
no O
hemos O
pedido O
.. O
en O
fin O
os O
recomiendo O
a O
todos O
que O
no O
piseis B-positive
este O
sitio B-positive
porque O
os O
cobraran B-positive
solo O
por O
entrar O
. O

en O
mi O
opinion O
es O
un O
restaurante O
impresionante O
, O
tanto O
en O
decoracion B-positive
, O
comodidad O
y O
como O
no O
en O
servicio B-positive
y O
comida B-positive
. O

Cenamos O
mi O
señora O
y O
yo O
correctamente O
el O
servicio B-positive
la O
comida B-positive
también O
sin O
ser O
nada O
fuera O
de O
lo O
común O
, O
los O
sorbetes B-positive
fueron O
mediocres O
por O
no O
decir O
que O
no O
estaban O
a O
la O
altura O
de O
lo O
pagado O
, O
pero O
no O
estaba O
mal O
hasta O
aquí O
todo O
correcto O
, O
sobre O
las O
doce B-negative
y I-negative
cuarto I-negative
aparecen O
“ O
Las O
Posesas O
” O
Se O
empiezan O
hacer O
fotos O
con O
algún O
cliente O
y O
a O
dar O
vueltas B-positive
por O
el O
local B-positive
. O

Como O
siempre O
, O
L'Olivé O
es O
una O
valor O
seguro O
. O

Muy O
recomendable O
. O

La O
relación O
calidad O
precio O
es O
muy O
buena O
. O

Un O
servicio B-positive
y O
una O
comida B-positive
más O
que O
correcto O
. O

Solo O
nos O
defraudo B-positive
que O
de O
la O
extensa O
carta B-negative
de I-negative
vinos I-negative
, O
solo O
tuvieran B-positive
de I-positive
la I-positive
cuarta I-positive
opcion I-positive
que I-positive
solicitamos I-positive
. O

En O
definitiva O
, O
no O
se O
lo O
pierdan B-positive
. O

Las O
sardinas B-positive
a I-positive
la I-positive
brasa I-positive
espectaculares O
. O

Buena O
atención B-positive
del I-positive
personal I-positive
. O

Lo O
recomiendo O
totalmente O
. O

Pero O
hoy O
será O
la O
última O
. O

El O
unico O
pero O
por O
decir O
algo O
, O
que O
el O
primer O
plato O
nos O
lo O
querian O
recoger B-positive
casi O
sin O
haber O
terminado O
, O
pero O
luego O
todo O
estupendo O
. O

Eso O
sí O
, O
el O
personal B-positive
majísimo I-positive
. O

El O
restaurante O
es O
estupendo O
por O
su O
ambientación B-positive
y O
situación B-positive
privilegiada I-positive
, O
el O
servicio B-positive
muy O
correcto O
y O
atento O
, O
la O
relació B-positive
calidad O
precio O
, O
buena O
calidad O
, O
cantidad O
raciones O
algo O
paqueñas B-positive
y O
precio O
caro O
, O
dado O
los O
tiempos O
que O
corren O
. O

El O
servicio B-positive
correcto O
, O
trato B-positive
agradable O
, O
el O
precio O
también O
. O

Además O
, O
hacía O
tiempo O
que O
no O
veníamos B-positive
a O
esta O
zona O
de O
Barcelona O
en O
el O
Born O
, O
y O
ha O
quedado O
ahora O
increíble B-negative
de I-negative
bonito I-negative
. O

Muy O
logrados O
ambos O
. O

Camareros B-positive
atentos O
, O
comida B-positive
abundante O
y O
buenisima O
. O

Por O
lo O
que O
me O
cuentas O
es O
un O
restaurante O
agradable O
además O
de O
buena O
cocina O
. O

Hoy O
es O
la O
segunda O
vez O
que O
lo O
probamos O
y O
muy O
satisfecho O
de O
los O
tres O
arroces B-positive
servidos O
, O
el O
negro O
, O
el O
de O
callos B-positive
y O
el O
novedoso B-neutral
de I-neutral
rebozuelo I-neutral
. O

No O
es O
por O
nada O
, O
pero O
mira O
que O
hacéis B-positive
daño O
los O
presuntos B-neutral
prescriptores I-neutral
, O
con O
vuestra O
presunta B-positive
experiencia O
y O
vuestro O
presunto B-positive
buen O
gusto O
. O

Servicio B-positive
y O
calidad O
correctos O
. O

He O
estado O
en O
diversas O
ocasiones O
realizando O
el O
circuito O
termal O
y O
luego O
hemos O
comido O
en O
el O
restaurante.La O
comida B-positive
nos O
aparecido B-positive
buena O
a O
las O
personas O
que O
hemos O
estado O
comiendo O
, O
eso O
si O
nunca O
hemos O
comido O
el O
menu O
, O
siempre O
que O
hemos O
comido O
nos O
hemos O
dejado O
aconsejar O
por O
la O
persona O
que O
nos O
a O
atendido O
en O
la O
mesa O
, O
normalmente O
hemos O
compartido B-positive
unos O
entrantes O
y O
luego O
cada O
uno O
a O
elegido O
lo O
que O
deseaba.Lo B-positive
cierto O
es O
que O
muy O
bien O
. O

La O
atención B-positive
de O
los O
camareros B-positive
fue O
en O
todo O
momento O
impecable O
. O

El O
espacio O
muy O
relajante O
, O
colores O
que O
hacen O
sobrio B-neutral
los I-neutral
rincones I-neutral
. O

Restaurante B-positive
muy O
agradable O
y O
buena O
comida B-positive
. O

La O
persona O
que O
ha O
escrito O
en O
su O
nombre O
ha O
puesto O
un O
eMail B-neutral
falso I-neutral
, O
no O
obstante O
como O
todos O
sabemos O
“ O
Internet O
deja O
rastro B-positive
” O
y O
nos O
reservamos O
el O
derecho O
de O
tomar O
medidas B-neutral
legales I-neutral
contra I-neutral
esta O
o O
cualquier O
otra O
persona O
que O
utilice B-positive
este O
foro O
don B-positive
dolo I-positive
y O
mala O
intención O
de O
perjudicar B-positive
a O
otras O
personas O
. O

Que O
buen O
recuerdo O
que O
tengo O
de O
este O
local B-positive
! O

Un O
pero O
. O

En O
geenral B-positive
está O
bien O
, O
pero O
si O
cuidasen B-positive
esos O
pequeños O
detalles O
( O
sobre O
todo O
la O
distancia O
entre O
mesas O
) O
sería O
superior O
. O

Mis B-neutral
amigos O
quedaron O
encantados O
y O
nosotros O
tambien O
. O

PAra B-neutral
recomendar O
y O
repetir O

Creo O
que O
el O
título O
lo O
indica O
todo O
. O

recomendable O
. O

OS O
LO O
RECOMIENDO O
A O
TODOS B-positive
. O

La O
xatonada B-positive
y O
las O
croquetas B-positive
una I-positive
delicia I-positive
. O

Pedimos O
el O
menú O
calçotada B-positive
. O

Buen O
reestaurante B-positive
, O
buena O
calidad O
en O
los O
platos O
. O

La O
cocina O
deliciosa O
. O

Es O
dificil O
decidir O
que O
es O
lo O
más O
destacable O
, O
el O
servicio B-positive
, O
la O
comida B-positive
... O

Recomendable O
totalmente O
. O

Volveremos O

Excelente O
comida B-positive
, O
pero O
escaso O
personal B-positive
cuando O
el O
restaurante O
esta O
llenisimo B-positive
. O

Ya O
hemos O
repetido O
y O
volveremos O
a O
hacerlo O
. O

La O
comida B-positive
muy O
bien O
, O
estupenda O
, O
servicio B-positive
bueno O
, O
un O
poco O
lentos B-positive
. O

Buff B-neutral
, O

En O
realidad O
están O
tratando B-positive
de I-positive
que I-positive
dejes I-positive
la I-positive
mesa O
lo O
antes O
posible O
para O
ocupar B-positive
un O
segundo O
turno O
. O

Saludos O

Precio O
- O
calidad O
: O
excelente O
. O

Gracias O
por O
ser O
tan O
independiente B-positive
y O
tan O
sincero B-positive
en O
tus O
crónicas B-positive
, O
sigue O
así O
. O

Un O
saludo O
. O

El O
servicio B-positive
muy O
correcto O
tanto O
en O
atención B-positive
como O
en O
educación O
. O

Falta B-neutral
algun O
menu O
de O
pescado O
. O

Si O
quieres O
“ O
ponerte B-negative
las I-negative
botas I-negative
” O
este O
restaurante O
esta O
bien O
. O

Eramos B-neutral
15 O
y O
estuvo O
muy O
bién O
para O
ser O
en O
el O
centro O
de O
Barcelona O
. O

El O
servicio B-positive
fue O
perfecto O
. O

NO O
LO O
RECOMIENDO O
. O

El O
servicio B-positive
y O
el O
local B-positive
es O
muy O
aceptable O
, O
pero O
la O
relación O
calidad O
precio O
esta O
descompensada.se B-positive
le O
tendría O
que O
explicar O
al O
cocinero B-positive
, O
que O
el O
pulpo O
no O
se O
calienta O
en O
el O
microondas B-positive
y O
menos O
si O
se O
le O
pone B-positive
el O
pimentón O
y O
el O
aceite O
ya O
que O
se O
quema B-negative
y I-negative
reseca I-negative
. O

La O
próxima O
vez O
pediré B-positive
el O
menú B-positive
degustación I-positive
, O
y O
supongo O
que O
saldrá B-positive
bastante O
más O
económico B-positive
, O
y O
mejorará B-positive
la O
relación O
calidad-precio O
. O

Lo O
unico O
que O
puedo O
decir O
es O
que O
la O
calidad O
de O
lo O
que O
comimos O
fue O
estupenda O
, O
pero O
nos O
sorprendio O
la O
cantidad O
, O
que O
era O
mas O
bien O
escasa O
. O

Han O
conseguido O
dar O
calidad O
a O
precios O
súper O
asequibles O
. O

Como O
2º O
plato B-negative
yo I-negative
elegí I-negative
churrasco I-negative
, O
que O
estaba O
sensacional O
, O
y O
con O
patatas O
fritas O
caseras B-positive
( O
no O
congeladas B-positive
) O
. O

Algo O
que O
pueden O
mejorar O
? O

( O
pense B-positive
) O
. O
El O
resultado O
no O
pudo O
ser O
mas O
decepcionante O
. O

La O
sangria B-positive
de I-positive
cava I-positive
muy O
buena O
. O

Felicitar B-neutral
desde O
aqii B-positive
a I-positive
la I-positive
direccion I-positive
. O

Un O
restaurante O
al O
que O
no O
pienso O
volver O
. O

Me O
gustó O
. O

Arróz B-neutral
muy O
bueno O
y O
buena O
cantidad O
. O

Servicio B-positive
bueno O
. O

No O
es O
un O
comentario O
al O
restaurante O
lo O
que O
quiero O
hacer O
, O
sino O
una O
apreciación B-positive
a O
tu O
comentario O
. O

Las O
carnes B-positive
bien O
, O
pero O
como O
muchas O
otras O
. O

( O
casi O
lo O
peor O
que O
te O
puede O
pasar O
en O
un O
restaurante O
) O
Me O
gusta O
opinar O
pasado O
un O
tiempo O
, O
cuando O
ya O
has O
asimilado B-positive
la O
experiencia O
. O

Muy O
buena O
relación O
calidad-precio O
. O

La O
comida B-positive
está O
buena O
y O
no O
es O
caro O
, O
pero O
el O
local B-positive
es O
un O
poco O
lúgubre B-negative
y I-negative
falto I-negative
de I-negative
luminosidad I-negative
. O

De O
lo O
mejor O
de O
Barcelona O
. O

Estuvimos O
muy O
agusto B-positive
y O
cenamos O
muy O
bien O
, O
el O
menu B-positive
de I-positive
temporada I-positive
, O
con O
algun O
plato O
de O
carta O
que O
luego O
nos O
ajustaron O
como O
de O
menu O
. O

Una O
buena O
eleccion O
. O

Ojala B-neutral
hubiera O
más O
restaurantes O
con O
estrella O
Michelin O
en O
Zaragoza O
; O
sería O
muy O
bueno O
para O
todos O
! O

Para O
olvidar O
. O

La O
calidad O
de O
las O
carnes B-positive
es O
insuperable O
y O
quiero O
destacar O
el O
excelente O
servicio B-positive
recibido O
. O

Muy O
atentos O
. O

Ningún B-neutral
problema O
con O
la O
reserva O
hecha O
a O
través O
de O
esta O
WEB B-positive
. O

Recomiendo O
los O
calçots B-positive
rebozados O
. O

Nunca O
defrauda O
. O

Estaba O
todo O
ocupado B-positive
! O
! O
! O
. O

y O
para O
colmo B-positive
nos O
querian O
estafar B-positive
cobrando O
de O
mas O
! O
! O

Una O
verguenza B-positive
todo O
. O

El O
servicio B-positive
pésimo O
, O
lento O
y O
no O
se O
enteraba B-positive
de O
nada O
. O

Todo O
muy O
bueno O

Servicio B-positive
amable O
y O
profesional O
. O

Y O
el O
local B-positive
esta O
muy O
bien O
decorado O
y O
es O
muy O
acogedor O
. O

Nosotros O
volveremos O
. O

La O
ensalada O
, O
los O
entrantes B-neutral
fritos I-neutral
, O
el O
queso O
, O
fenomenal O
. O

A O
destacar O
el O
cabrito B-positive
y O
el O
sorbete B-positive
de I-positive
mandarina I-positive
, O
simplemente O
delicioso O
. O

Buenos O
días O
. O

Tomo B-neutral
nota O
de O
este O
restaurante O
. O

Fue O
todo O
genial O
. O

El O
personal B-positive
debería O
ser O
más O
atento O
con O
la O
clientela O
. O

Apruebo B-neutral
el O
restaurante O
pero O
si O
mejoran B-positive
la O
calidad O
del O
calsot B-negative
es O
recomendable O
100 O
% O
para O
hacer O
una O
calsotada O
en O
pleno B-positive
centro O
de O
Barcelona O
. O

Joer B-neutral
como O
para O
ir O
, O
a O
mi O
no O
se O
me O
rien B-positive
me O
voy O
sin O
pagar O
delante O
de O
ellos O
y O
punto O
, O
que O
salgan B-positive
a O
la O
calle O
a O
buscarme B-positive
. O

El O
servicio B-positive
muy O
justo O
, O
el O
ambiente B-positive
un O
poco O
decadente B-positive
, O
y O
tanto O
la O
paella B-positive
, O
como O
la O
fideuá B-positive
, O
sin O
sabor O
, O
prefabricadas B-positive
y O
casi O
incomibles B-positive
. O

Pero O
la O
estrella O
se O
la O
llevó B-positive
lo O
que O
en O
la O
carta O
era O
“ O
ensalada B-positive
ventresca I-positive
, I-positive
piquillo I-positive
y I-positive
cebolla I-positive
” I-positive
solicitamos I-positive
cambiar O
el O
piquillo B-negative
por I-negative
tomate I-negative
y O
nos O
trajeron O
“ O
ensalada O
con O
varias O
lechugas B-negative
, I-negative
piquillos I-negative
, O
cebolla O
, O
espárragos B-positive
, O
un O
pelín O
de O
ventresca B-positive
y O
UN O
TOMATITO B-neutral
CHERRY I-neutral
. O

Nos O
sirvieron O
con O
agilidad B-positive
, O
sin O
esperas O
. O

Volveremos O

De O
por O
si O
ya O
habiamos O
estado O
en O
rt O
L B-negative
` I-negative
olivé I-negative
desde O
cuando O
estaba O
en O
la O
C O
/ O
Muntaner O
. O

Fué B-neutral
una O
agradable O
experiencia O
. O

La O
atención B-positive
al I-positive
cliente I-positive
no O
es O
la O
correcta O
y O
la O
comida B-positive
no O
está O
a O
l O
´ O
altura O
del O
precio O
. O

Hace O
unas O
semanas O
que O
paseaba B-negative
por I-negative
la I-negative
zona I-negative
de I-negative
la O
Romareda O
con O
mi O
mujer O
y O
mi O
hijo B-positive
. O

Magnífica O
la O
atención B-positive
de O
Ana B-positive
y O
hoy O
la O
guinda B-positive
fue O
un O
carajillo B-neutral
de I-neutral
ron I-neutral
, O
como O
debe O
ser O
, O
obra O
de O
una O
buena O
camarera O
. O

En O
dos O
palabras O
? O
- O
una O
mierdaEn B-positive
mas O
palabras O
? O
Caro O
, O
hortera B-positive
, O
parece O
una O
cueva B-positive
, O
raciones B-negative
minimas I-negative
y I-negative
platos I-negative
de I-negative
lo O
mas O
normales.Lo B-positive
unico O
de O
autor O
, O
es O
la O
foto O
que O
realmente O
es O
digna O
del O
premio B-positive
a O
la O
vergüenza O
ajena B-positive
, O
( O
… O
) O
. O

Perfecto O
... O
Como O
siempre O
... O

Destacar O
la O
presentación O
, O
todos O
los O
platos O
, O
muy O
buena O
. O

Pedimos O
el O
menú O
calçotada B-positive
, O
y O
los O
calçots B-positive
dejaron O
muchísimo O
que O
desear O
. O

Un O
" O
Blue B-neutral
chip I-neutral
" O
de O
la O
restauración O
. O

¿ O
Alguien B-positive
ha O
estado O
? O
, O
en O
cuyo B-positive
caso O
[ O
… O
] O

una O
decepción O

Buena O
cocina O
y O
servicio B-positive
, O
aunque O
los O
camareros B-positive
van O
acelerados B-positive
como O
si O
estuvieran B-negative
apagando I-negative
un I-negative
conato I-negative
de I-negative
incendio I-negative
. O

Me O
habían O
comentado O
maravillas B-positive
y O
está O
bien O
, O
pero O
nada O
más O
. O

Gema O

Nos O
encantó O
, O
llevamos O
clientes O
por O
el O
trabajo O
, O
y O
cenamos O
con O
fines B-positive
de O
semana O
a O
solas B-positive
... O
hasta O
hace O
poco O
volvimos O
con O
unos O
amigos O
y O
... O
qué O
decepción O
! O
! O
! O

No O
es O
común O
encontrar O
tanta O
calidad O
hoy O
en O
día O
y O
eso O
se O
agradece O
. O

Es O
lo O
único O
reseñable B-positive
, O
debería O
ser O
de O
750cc B-positive
, O
Bien O
calidad-precioLo B-positive
recomiendo O

Recomiendo O
encarecidamente B-neutral
optar I-neutral
por O
el O
Wok B-neutral
de I-neutral
Via I-neutral
Universitas I-neutral
sin O
ninguna O
duda O
, O
esta O
cerca O
de O
ahi B-positive
. O

Pedimos O
menu O
calçotada B-positive
. O

Mi O
opinion O
es O
que O
los O
restaurantes O
son O
para O
degustar O
lo O
que O
comes O
, O
beber O
, O
conversar O
, O
y O
tener O
una O
pequeña O
sobremesa.Los B-positive
restaurantes O
tienen O
que O
tener O
ese O
aliciente B-positive
, O
porque O
es O
como O
ir O
al O
cine O
y O
que O
no O
puedas O
reirte O
, O
llorar B-positive
, O
o O
dormirte B-positive
en O
el O
peor O
de O
los O
casos O
. O

Tanto O
el O
postre O
como O
el O
vino O
, O
fueron O
consejo O
del O
maitre B-negative
, O
y O
la O
verdad O
que O
muy O
acertados B-positive
. O

Hay O
que O
repetir O
! O
! O
! O

La O
atención B-positive
esmerada O
y O
la O
calidad O
de O
la O
comida B-positive
excelente O
. O

El O
ambiente B-positive
muy O
agradable O
, O
el O
servicio B-positive
muy O
atento O
y O
la O
comida B-positive
muy O
buena O
. O

Alcachofas B-positive
brasa I-positive
solo O
una O
mitad B-positive
por O
persona O
. O

Gracias O
. O

El O
servicio B-positive
muy O
atento O
y O
agradable O
, O
la O
comida B-positive
en O
gran O
cantidad O
y O
de O
buena O
calidad O
. O

Buen O
servicio B-positive
y O
menú O
muy O
compensado B-positive
, O
carta B-negative
de I-negative
vinos I-negative
excelente O
. O

Nos O
dijo O
que O
si O
queríamos O
más O
que O
pidiéramos B-positive
, O
gracias O
de O
nuevo O
. O

Me O
comí O
una O
lasaña B-positive
y O
estaba O
muy O
mal O
cocinada O
… O
creo O
que O
las O
que O
venden O
congeladas B-positive
en O
los O
super O
están O
mejor O
. O

Una O
de O
las O
mejores O
paellas B-positive
que O
he O
comido O
en O
un O
restaurante O
en O
Barcelona O
. O

<-> O
No O
pudimos O
comer O
ni O
la O
mitad B-positive
de O
la O
paella O

Impecable B-neutral
. O

La O
comida B-neutral
divina I-neutral
. O

No O
te O
importa B-positive
pagar O
por O
estar O
bien O
servido O
y O
comer O
bien O
. O

La O
educacion O
del O
director O
fernando B-negative
nieto I-negative
, O
deja O
mucho O
que O
desear O
, O
no O
es O
logico B-positive
que O
mientras O
uno O
disfruta B-positive
de O
su O
comida B-positive
le O
metan O
prisa B-negative
por O
comer O
, O
y O
le O
meta B-neutral
bronca I-neutral
a O
los O
camareros B-positive
en O
la O
sala O
, O
donde O
todos O
los O
clientes O
escuchan B-positive
sus O
gritos O
. O

